c:\users\student\documents\visual studio 2015\projects\3daction004\release\vc140.pdb
c:\users\student\documents\visual studio 2015\projects\3daction004\release\ranking.obj
c:\users\student\documents\visual studio 2015\projects\3daction004\release\polygon.obj
c:\users\student\documents\visual studio 2015\projects\3daction004\release\player.obj
c:\users\student\documents\visual studio 2015\projects\3daction004\release\pause.obj
c:\users\student\documents\visual studio 2015\projects\3daction004\release\particle.obj
c:\users\student\documents\visual studio 2015\projects\3daction004\release\object.obj
c:\users\student\documents\visual studio 2015\projects\3daction004\release\meshwall.obj
c:\users\student\documents\visual studio 2015\projects\3daction004\release\meshfield.obj
c:\users\student\documents\visual studio 2015\projects\3daction004\release\main.obj
c:\users\student\documents\visual studio 2015\projects\3daction004\release\light.obj
c:\users\student\documents\visual studio 2015\projects\3daction004\release\life.obj
c:\users\student\documents\visual studio 2015\projects\3daction004\release\item.obj
c:\users\student\documents\visual studio 2015\projects\3daction004\release\input.obj
c:\users\student\documents\visual studio 2015\projects\3daction004\release\gamepad.obj
c:\users\student\documents\visual studio 2015\projects\3daction004\release\game.obj
c:\users\student\documents\visual studio 2015\projects\3daction004\release\fade.obj
c:\users\student\documents\visual studio 2015\projects\3daction004\release\enemy.obj
c:\users\student\documents\visual studio 2015\projects\3daction004\release\camera.obj
c:\users\student\documents\visual studio 2015\projects\3daction004\release\bullet.obj
c:\users\student\documents\visual studio 2015\projects\3daction004\release\billboard.obj
c:\users\student\documents\visual studio 2015\projects\3daction004\release\wall.obj
c:\users\student\documents\visual studio 2015\projects\3daction004\release\ui.obj
c:\users\student\documents\visual studio 2015\projects\3daction004\release\tutorial.obj
c:\users\student\documents\visual studio 2015\projects\3daction004\release\title.obj
c:\users\student\documents\visual studio 2015\projects\3daction004\release\timer.obj
c:\users\student\documents\visual studio 2015\projects\3daction004\release\sound.obj
c:\users\student\documents\visual studio 2015\projects\3daction004\release\shadow.obj
c:\users\student\documents\visual studio 2015\projects\3daction004\release\score.obj
c:\users\student\documents\visual studio 2015\projects\3daction004\release\result.obj
c:\users\student\documents\visual studio 2015\projects\3daction004\release\nodamage.obj
c:\users\student\documents\visual studio 2015\projects\3daction004\release\enemybonus.obj
c:\users\student\documents\visual studio 2015\projects\3daction004\3daction004.exe
c:\users\student\documents\visual studio 2015\projects\3daction004\3daction004.ipdb
c:\users\student\documents\visual studio 2015\projects\3daction004\3daction004.iobj
c:\users\student\documents\visual studio 2015\projects\3daction004\3daction004.pdb
c:\users\student\documents\visual studio 2015\projects\3daction004\release\3daction004.tlog\cl.command.1.tlog
c:\users\student\documents\visual studio 2015\projects\3daction004\release\3daction004.tlog\cl.read.1.tlog
c:\users\student\documents\visual studio 2015\projects\3daction004\release\3daction004.tlog\cl.write.1.tlog
c:\users\student\documents\visual studio 2015\projects\3daction004\release\3daction004.tlog\link.command.1.tlog
c:\users\student\documents\visual studio 2015\projects\3daction004\release\3daction004.tlog\link.read.1.tlog
c:\users\student\documents\visual studio 2015\projects\3daction004\release\3daction004.tlog\link.write.1.tlog
