  billboard.cpp
  bullet.cpp
  camera.cpp
  enemy.cpp
  fade.cpp
  game.cpp
  gamepad.cpp
  input.cpp
  item.cpp
  life.cpp
  light.cpp
  main.cpp
  meshfield.cpp
  meshwall.cpp
  nodamage.cpp
  object.cpp
  particle.cpp
  pause.cpp
  player.cpp
  polygon.cpp
  コンパイル中...
  ranking.cpp
ranking.cpp(231): warning C4244: '初期化中': 'int' から 'float' への変換です。データが失われる可能性があります。
ranking.cpp(237): warning C4244: '初期化中': 'int' から 'float' への変換です。データが失われる可能性があります。
  result.cpp
  score.cpp
  shadow.cpp
  sound.cpp
  timer.cpp
  title.cpp
  tutorial.cpp
  ui.cpp
  wall.cpp
  コード生成しています。
  74 of 250 functions (29.6%) were compiled, the rest were copied from previous compilation.
    0 functions were new in current compilation
    6 functions had inline decision re-evaluated but remain unchanged
  コード生成が終了しました。
  3DAction004.vcxproj -> C:\Users\student\Documents\Visual Studio 2015\Projects\3DAction004\3DAction004.exe
  3DAction004.vcxproj -> C:\Users\student\Documents\Visual Studio 2015\Projects\3DAction004\3DAction004.pdb (Full PDB)
