  bg.cpp
  block.cpp
  blockpoint.cpp
  enemy.cpp
  fade.cpp
  game.cpp
  gamepad.cpp
  input.cpp
  item.cpp
  life.cpp
  main.cpp
  nodamage.cpp
  particle.cpp
  pause.cpp
  player.cpp
  ranking.cpp
  result.cpp
  score.cpp
  sound.cpp
  timer.cpp
  コンパイル中...
  title.cpp
  tutorial.cpp
  ui.cpp
  コード生成しています。
  5 of 214 functions ( 2.3%) were compiled, the rest were copied from previous compilation.
    0 functions were new in current compilation
    2 functions had inline decision re-evaluated but remain unchanged
  コード生成が終了しました。
  2DAction006.vcxproj -> C:\Users\student\Documents\Visual Studio 2015\Projects\2DAction006\2DAction006.exe
  2DAction006.vcxproj -> C:\Users\student\Documents\Visual Studio 2015\Projects\2DAction006\2DAction006.pdb (Full PDB)
