  warning.cpp
  ui.cpp
  tutorial.cpp
  title.cpp
  stock.cpp
  score.cpp
  result.cpp
  ranking.cpp
  player.cpp
  pause.cpp
  particle.cpp
  main.cpp
  line.cpp
  life.cpp
  item.cpp
  input.cpp
  game.cpp
  fade.cpp
  explosion.cpp
  enemy.cpp
  コードを生成中...
  コンパイル中...
  counter.cpp
  bullet_ui.cpp
  bullet.cpp
  bg.cpp
  コードを生成中...
  コンパイル中...
  sound.cpp
  コードを生成中...
  project_2DSTG000.vcxproj -> C:\Users\student\Documents\Visual Studio 2015\Projects\project_2DSTG000\Debug\project_2DSTG000.exe
  project_2DSTG000.vcxproj -> C:\Users\student\Documents\Visual Studio 2015\Projects\project_2DSTG000\Debug\project_2DSTG000.pdb (Full PDB)
