  billboard.cpp
  コードを生成中...
  コンパイル中...
  wall.cpp
  ui.cpp
  tutorial.cpp
  title.cpp
  timer.cpp
  sound.cpp
  shadow.cpp
  score.cpp
  result.cpp
  ranking.cpp
  polygon.cpp
  player.cpp
  pause.cpp
  particle.cpp
  object.cpp
  nodamage.cpp
  meshwall.cpp
  meshfield.cpp
  main.cpp
  light.cpp
  コードを生成中...
  コンパイル中...
  life.cpp
  item.cpp
  input.cpp
  gamepad.cpp
  game.cpp
  fade.cpp
  enemy.cpp
  camera.cpp
  bullet.cpp
  コードを生成中...
  3DAction004.vcxproj -> C:\Users\student\Documents\Visual Studio 2015\Projects\3DAction004\3DAction004.exe
  3DAction004.vcxproj -> C:\Users\student\Documents\Visual Studio 2015\Projects\3DAction004\3DAction004.pdb (Full PDB)
